<?xml version="1.0" encoding="UTF-8"?>
<testng-results ignored="0" total="1" passed="1" failed="0" skipped="0">
  <reporter-output>
  </reporter-output>
  <suite started-at="2021-08-26T13:46:47 IST" name="suite" finished-at="2021-08-26T13:47:14 IST" duration-ms="27343">
    <groups>
    </groups>
    <test started-at="2021-08-26T13:46:47 IST" name="Test" finished-at="2021-08-26T13:47:14 IST" duration-ms="27343">
      <class name="com.inetBanking.testCases.TC_015_LogOut">
        <test-method is-config="true" signature="setUp(java.lang.String)[pri:0, instance:com.inetBanking.testCases.TC_015_LogOut@7748410a]" started-at="2021-08-26T13:46:47 IST" name="setUp" finished-at="2021-08-26T13:47:10 IST" duration-ms="22898" status="PASS">
          <params>
            <param index="0">
              <value>
                <![CDATA[chrome]]>
              </value>
            </param>
          </params>
          <reporter-output>
          </reporter-output>
        </test-method> <!-- setUp -->
        <test-method is-config="true" signature="login()[pri:0, instance:com.inetBanking.testCases.TC_015_LogOut@7748410a]" started-at="2021-08-26T13:47:10 IST" name="login" finished-at="2021-08-26T13:47:13 IST" duration-ms="2446" status="PASS">
          <reporter-output>
          </reporter-output>
        </test-method> <!-- login -->
        <test-method signature="logOut()[pri:0, instance:com.inetBanking.testCases.TC_015_LogOut@7748410a]" started-at="2021-08-26T13:47:13 IST" name="logOut" finished-at="2021-08-26T13:47:14 IST" duration-ms="1400" status="PASS">
          <reporter-output>
          </reporter-output>
        </test-method> <!-- logOut -->
        <test-method is-config="true" signature="tearDown()[pri:0, instance:com.inetBanking.testCases.TC_015_LogOut@7748410a]" started-at="2021-08-26T13:47:14 IST" name="tearDown" finished-at="2021-08-26T13:47:14 IST" duration-ms="0" status="PASS">
          <reporter-output>
          </reporter-output>
        </test-method> <!-- tearDown -->
      </class> <!-- com.inetBanking.testCases.TC_015_LogOut -->
    </test> <!-- Test -->
  </suite> <!-- suite -->
</testng-results>
